<?xml version="1.0" encoding="UTF-8"?>
<!-- Generated by org.testng.reporters.JUnitReportReporter -->
<testsuite skipped="0" hostname="Dipak-PC" name="com.dipak.mystore.registration.TC001_Registration" tests="1" failures="0" timestamp="22 Apr 2017 12:55:03 GMT" time="35.328" errors="0">
  <testcase name="registration" time="35.328" classname="com.dipak.mystore.registration.TC001_Registration"/>
</testsuite> <!-- com.dipak.mystore.registration.TC001_Registration -->
