<?xml version="1.0" encoding="UTF-8"?>
<!-- Generated by org.testng.reporters.JUnitReportReporter -->
<testsuite skipped="0" hostname="Dipak-PC" name="com.dipak.mystore.shopping.TC003_Dress_Summer_Dresses_Shopping" tests="1" failures="0" timestamp="22 Apr 2017 20:41:00 GMT" time="53.990" errors="0">
  <testcase name="shopping" time="53.990" classname="com.dipak.mystore.shopping.TC003_Dress_Summer_Dresses_Shopping"/>
</testsuite> <!-- com.dipak.mystore.shopping.TC003_Dress_Summer_Dresses_Shopping -->
