<?xml version="1.0" encoding="UTF-8"?>
<!-- Generated by org.testng.reporters.JUnitReportReporter -->
<testsuite skipped="0" hostname="Dipak-PC" name="com.dipak.mystore.shopping.TC002_Women_Evening_Dresses_Shopping" tests="1" failures="0" timestamp="07 May 2017 10:22:42 GMT" time="113.385" errors="0">
  <testcase name="shopping" time="113.385" classname="com.dipak.mystore.shopping.TC002_Women_Evening_Dresses_Shopping"/>
</testsuite> <!-- com.dipak.mystore.shopping.TC002_Women_Evening_Dresses_Shopping -->
