<?xml version="1.0" encoding="UTF-8"?>
<!-- Generated by org.testng.reporters.JUnitReportReporter -->
<testsuite skipped="0" hostname="Dipak-PC" name="com.dipak.mystore.shopping.TC001_WomenT_Shirts_Shopping" tests="1" failures="0" timestamp="22 Apr 2017 20:19:31 GMT" time="50.018" errors="0">
  <testcase name="shopping" time="50.018" classname="com.dipak.mystore.shopping.TC001_WomenT_Shirts_Shopping"/>
</testsuite> <!-- com.dipak.mystore.shopping.TC001_WomenT_Shirts_Shopping -->
