<?xml version="1.0" encoding="UTF-8"?>
<!-- Generated by org.testng.reporters.JUnitReportReporter -->
<testsuite skipped="0" hostname="Dipak-PC" name="com.dipak.mystore.login.TC002_Login_MYSTORE_Valid_Credentials" tests="3" failures="0" timestamp="22 Apr 2017 18:18:38 GMT" time="106.079" errors="0">
  <testcase name="loginvalid" time="8.257" classname="com.dipak.mystore.login.TC002_Login_MYSTORE_Valid_Credentials"/>
  <testcase name="loginvalid" time="86.468" classname="com.dipak.mystore.login.TC002_Login_MYSTORE_Valid_Credentials"/>
  <testcase name="loginvalid" time="11.354" classname="com.dipak.mystore.login.TC002_Login_MYSTORE_Valid_Credentials"/>
</testsuite> <!-- com.dipak.mystore.login.TC002_Login_MYSTORE_Valid_Credentials -->
