<?xml version="1.0" encoding="UTF-8"?>
<!-- Generated by org.testng.reporters.JUnitReportReporter -->
<testsuite skipped="0" hostname="Dipak-PC" name="com.dipak.mystore.shopping.TC004_T_Shirts_Shopping" tests="1" failures="0" timestamp="22 Apr 2017 20:55:19 GMT" time="42.035" errors="0">
  <testcase name="shopping" time="42.035" classname="com.dipak.mystore.shopping.TC004_T_Shirts_Shopping"/>
</testsuite> <!-- com.dipak.mystore.shopping.TC004_T_Shirts_Shopping -->
