<?xml version="1.0" encoding="UTF-8"?>
<!-- Generated by org.testng.reporters.JUnitReportReporter -->
<testsuite skipped="0" hostname="DIN67000248" name="com.dipak.mystore.shopping.TC001_Women_Blouses_Shopping" tests="1" failures="0" timestamp="09 May 2017 16:35:36 GMT" time="47.161" errors="0">
  <testcase name="shopping" time="47.161" classname="com.dipak.mystore.shopping.TC001_Women_Blouses_Shopping"/>
</testsuite> <!-- com.dipak.mystore.shopping.TC001_Women_Blouses_Shopping -->
