<?xml version="1.0" encoding="UTF-8"?>
<!-- Generated by org.testng.reporters.JUnitReportReporter -->
<testsuite skipped="0" hostname="Dipak-PC" name="com.dipak.mystore.login.TC001_Login_MYSTORE_Invalid_Credentials" tests="1" failures="0" timestamp="19 Apr 2017 19:10:23 GMT" time="50.996" errors="0">
  <testcase name="logininvalid" time="50.996" classname="com.dipak.mystore.login.TC001_Login_MYSTORE_Invalid_Credentials"/>
</testsuite> <!-- com.dipak.mystore.login.TC001_Login_MYSTORE_Invalid_Credentials -->
