<?xml version="1.0" encoding="UTF-8"?>
<!-- Generated by org.testng.reporters.JUnitReportReporter -->
<testsuite skipped="0" hostname="Dipak-PC" name="com.dipak.mystore.shopping.TC001_Women_Blouses_Shopping" tests="1" failures="0" timestamp="29 Apr 2017 18:04:26 GMT" time="304.415" errors="0">
  <testcase name="shopping" time="304.415" classname="com.dipak.mystore.shopping.TC001_Women_Blouses_Shopping"/>
</testsuite> <!-- com.dipak.mystore.shopping.TC001_Women_Blouses_Shopping -->
